# Logfile created on Sat Apr 05 22:46:33 +0800 2008 by /
LocalIndex: ensure_index_exists at /home/lake/rails_app/earlybirds/index/development/user
rebuild index: [User(id: integer, username: string, password_salt: string, password_hash: string, email: string, created_at: datetime, cookie_hash: string, target_time_now: datetime, profile: text)]
reindexing model User
reindex model User : 100.00% complete : 0.00 secs to finish
LocalIndex: ensure_index_exists at /home/lake/rails_app/earlybirds/index/development/user
LocalIndex: ensure_index_exists at /home/lake/rails_app/earlybirds/index/development/user
LocalIndex: ensure_index_exists at /home/lake/rails_app/earlybirds/index/development/user
LocalIndex: ensure_index_exists at /home/lake/rails_app/earlybirds/index/development/user
LocalIndex: ensure_index_exists at /home/lake/rails_app/earlybirds/index/development/user
LocalIndex: ensure_index_exists at /home/lake/rails_app/earlybirds/index/development/user
LocalIndex: ensure_index_exists at /home/lake/rails_app/earlybirds/index/development/user
LocalIndex: ensure_index_exists at /home/lake/rails_app/earlybirds/index/development/user
LocalIndex: ensure_index_exists at /home/lake/rails_app/earlybirds/index/development/user
LocalIndex: ensure_index_exists at /home/lake/rails_app/earlybirds/index/development/user
LocalIndex: ensure_index_exists at /home/lake/rails_app/earlybirds/index/development/user
LocalIndex: ensure_index_exists at /home/lake/rails_app/earlybirds/index/development/user
LocalIndex: ensure_index_exists at /home/lake/rails_app/earlybirds/index/development/user
LocalIndex: ensure_index_exists at /home/lake/rails_app/earlybirds/index/development/user
LocalIndex: ensure_index_exists at /home/lake/rails_app/earlybirds/index/development/user
LocalIndex: ensure_index_exists at /home/lake/rails_app/earlybirds/index/development/user
LocalIndex: ensure_index_exists at /home/lake/rails_app/earlybirds/index/development/user
LocalIndex: ensure_index_exists at /home/lake/rails_app/earlybirds/index/development/user
LocalIndex: ensure_index_exists at /home/lake/rails_app/earlybirds/index/development/user
LocalIndex: ensure_index_exists at /home/lake/rails_app/earlybirds/index/development/user
LocalIndex: ensure_index_exists at /home/lake/rails_app/earlybirds/index/development/user
LocalIndex: ensure_index_exists at /home/lake/rails_app/earlybirds/index/development/user
LocalIndex: ensure_index_exists at /home/lake/rails_app/earlybirds/index/development/user
LocalIndex: ensure_index_exists at /home/lake/rails_app/earlybirds/index/development/user
LocalIndex: ensure_index_exists at /home/lake/rails_app/earlybirds/index/development/user
LocalIndex: ensure_index_exists at /home/lake/rails_app/earlybirds/index/development/user
LocalIndex: ensure_index_exists at /home/lake/rails_app/earlybirds/index/development/user
LocalIndex: ensure_index_exists at /home/lake/rails_app/earlybirds/index/development/user
LocalIndex: ensure_index_exists at /home/lake/rails_app/earlybirds/index/development/user
LocalIndex: ensure_index_exists at /home/lake/rails_app/earlybirds/index/development/user
LocalIndex: ensure_index_exists at /home/lake/rails_app/earlybirds/index/development/user
LocalIndex: ensure_index_exists at /home/lake/rails_app/earlybirds/index/development/user
LocalIndex: ensure_index_exists at /home/lake/rails_app/earlybirds/index/development/user
LocalIndex: ensure_index_exists at /home/lake/rails_app/earlybirds/index/development/user
LocalIndex: ensure_index_exists at /home/lake/rails_app/earlybirds/index/development/user
LocalIndex: ensure_index_exists at /home/lake/rails_app/earlybirds/index/development/user
LocalIndex: ensure_index_exists at /home/lake/rails_app/earlybirds/index/development/user
LocalIndex: ensure_index_exists at /home/lake/rails_app/earlybirds/index/development/user
LocalIndex: ensure_index_exists at /home/lake/rails_app/earlybirds/index/development/user
LocalIndex: ensure_index_exists at /home/lake/rails_app/earlybirds/index/development/user
LocalIndex: ensure_index_exists at /home/lake/rails_app/earlybirds/index/development/user
LocalIndex: ensure_index_exists at /home/lake/rails_app/earlybirds/index/development/user
LocalIndex: ensure_index_exists at /home/lake/rails_app/earlybirds/index/development/user
LocalIndex: ensure_index_exists at /home/lake/rails_app/earlybirds/index/development/user
LocalIndex: ensure_index_exists at /home/lake/rails_app/earlybirds/index/development/user
LocalIndex: ensure_index_exists at /home/lake/rails_app/earlybirds/index/development/user
LocalIndex: ensure_index_exists at /home/lake/rails_app/earlybirds/index/development/user
LocalIndex: ensure_index_exists at /home/lake/rails_app/earlybirds/index/development/user
query: yahoo_userhash:*lake* reset_password_code_until:*lake* password_hash:*lake* email:*lake* reset_password_code:*lake* password_salt:*lake* username:*lake* target_time_now:*lake* profile:*lake* created_at:*lake* cookie_hash:*lake*
stored_fields: 
LocalIndex: ensure_index_exists at /home/lake/rails_app/earlybirds/index/development/user
LocalIndex: ensure_index_exists at /home/lake/rails_app/earlybirds/index/development/user
query: yahoo_userhash:*lake* reset_password_code_until:*lake* password_hash:*lake* email:*lake* reset_password_code:*lake* password_salt:*lake* username:*lake* target_time_now:*lake* profile:*lake* created_at:*lake* cookie_hash:*lake*
stored_fields: 
LocalIndex: ensure_index_exists at /home/lake/rails_app/earlybirds/index/development/user
LocalIndex: ensure_index_exists at /home/lake/rails_app/earlybirds/index/development/user
LocalIndex: ensure_index_exists at /home/lake/rails_app/earlybirds/index/development/user
LocalIndex: ensure_index_exists at /home/lake/rails_app/earlybirds/index/development/user
LocalIndex: ensure_index_exists at /home/lake/rails_app/earlybirds/index/development/user
LocalIndex: ensure_index_exists at /home/lake/rails_app/earlybirds/index/development/user
LocalIndex: ensure_index_exists at /home/lake/rails_app/earlybirds/index/development/user
LocalIndex: ensure_index_exists at /home/lake/rails_app/earlybirds/index/development/user
LocalIndex: ensure_index_exists at /home/lake/rails_app/earlybirds/index/development/user
LocalIndex: ensure_index_exists at /home/lake/rails_app/earlybirds/index/development/user
LocalIndex: ensure_index_exists at /home/lake/rails_app/earlybirds/index/development/user
LocalIndex: ensure_index_exists at /home/lake/rails_app/earlybirds/index/development/user
LocalIndex: ensure_index_exists at /home/lake/rails_app/earlybirds/index/development/user
query: yahoo_userhash:*'* star:*'* reset_password_code_until:*'* password_hash:*'* email:*'* blood:*'* reset_password_code:*'* connect:*'* sex:*'* password_salt:*'* cron:*'* profile:*'* school:*'* job:*'* cookie_hash:*'* username:*'* interest:*'* target_time_now:*'* photo:*'* created_at:*'* address:*'* birth:*'*
stored_fields: 
LocalIndex: ensure_index_exists at /home/lake/rails_app/earlybirds/index/development/user
LocalIndex: ensure_index_exists at /home/lake/rails_app/earlybirds/index/development/user
query: yahoo_userhash:*** star:*** reset_password_code_until:*** password_hash:*** email:*** blood:*** reset_password_code:*** connect:*** sex:*** password_salt:*** cron:*** profile:*** school:*** job:*** cookie_hash:*** username:*** interest:*** target_time_now:*** photo:*** created_at:*** address:*** birth:***
stored_fields: 
LocalIndex: ensure_index_exists at /home/lake/rails_app/earlybirds/index/development/user
LocalIndex: ensure_index_exists at /home/lake/rails_app/earlybirds/index/development/user
query: yahoo_userhash:*** star:*** reset_password_code_until:*** password_hash:*** email:*** blood:*** reset_password_code:*** connect:*** sex:*** password_salt:*** cron:*** profile:*** school:*** job:*** cookie_hash:*** username:*** interest:*** target_time_now:*** photo:*** created_at:*** address:*** birth:***
stored_fields: 
LocalIndex: ensure_index_exists at /home/lake/rails_app/earlybirds/index/development/user
LocalIndex: ensure_index_exists at /home/lake/rails_app/earlybirds/index/development/user
query: yahoo_userhash:*** star:*** reset_password_code_until:*** password_hash:*** email:*** blood:*** reset_password_code:*** connect:*** sex:*** password_salt:*** cron:*** profile:*** school:*** job:*** cookie_hash:*** username:*** interest:*** target_time_now:*** photo:*** created_at:*** address:*** birth:***
stored_fields: 
LocalIndex: ensure_index_exists at /home/lake/rails_app/earlybirds/index/development/user
LocalIndex: ensure_index_exists at /home/lake/rails_app/earlybirds/index/development/user
query: yahoo_userhash:*** star:*** reset_password_code_until:*** password_hash:*** email:*** blood:*** reset_password_code:*** connect:*** sex:*** password_salt:*** cron:*** profile:*** school:*** job:*** cookie_hash:*** username:*** interest:*** target_time_now:*** photo:*** created_at:*** address:*** birth:***
stored_fields: 
LocalIndex: ensure_index_exists at /home/lake/rails_app/earlybirds/index/development/user
LocalIndex: ensure_index_exists at /home/lake/rails_app/earlybirds/index/development/user
query: yahoo_userhash:*** star:*** reset_password_code_until:*** password_hash:*** email:*** blood:*** reset_password_code:*** connect:*** sex:*** password_salt:*** cron:*** profile:*** school:*** job:*** cookie_hash:*** username:*** interest:*** target_time_now:*** photo:*** created_at:*** address:*** birth:***
stored_fields: 
LocalIndex: ensure_index_exists at /home/lake/rails_app/earlybirds/index/development/user
LocalIndex: ensure_index_exists at /home/lake/rails_app/earlybirds/index/development/user
query: yahoo_userhash:*** star:*** reset_password_code_until:*** password_hash:*** email:*** blood:*** reset_password_code:*** connect:*** sex:*** password_salt:*** cron:*** profile:*** school:*** job:*** cookie_hash:*** username:*** interest:*** target_time_now:*** photo:*** created_at:*** address:*** birth:***
stored_fields: 
LocalIndex: ensure_index_exists at /home/lake/rails_app/earlybirds/index/development/user
LocalIndex: ensure_index_exists at /home/lake/rails_app/earlybirds/index/development/user
query: yahoo_userhash:*** star:*** reset_password_code_until:*** password_hash:*** email:*** blood:*** reset_password_code:*** connect:*** sex:*** password_salt:*** cron:*** profile:*** school:*** job:*** cookie_hash:*** username:*** interest:*** target_time_now:*** photo:*** created_at:*** address:*** birth:***
stored_fields: 
LocalIndex: ensure_index_exists at /home/lake/rails_app/earlybirds/index/development/user
LocalIndex: ensure_index_exists at /home/lake/rails_app/earlybirds/index/development/user
LocalIndex: ensure_index_exists at /home/lake/rails_app/earlybirds/index/development/user
query: blood:*la* yahoo_userhash:*la* reset_password_code_until:*la* profile:*la* school:*la* password_hash:*la* email:*la* reset_password_code:*la* connect:*la* interest:*la* cookie_hash:*la* password_salt:*la* job:*la* cron:*la* birth:*la* username:*la* target_time_now:*la* sex:*la* star:*la* created_at:*la* address:*la* photo:*la*
stored_fields: 
LocalIndex: ensure_index_exists at /home/lake/rails_app/earlybirds/index/development/user
LocalIndex: ensure_index_exists at /home/lake/rails_app/earlybirds/index/development/user
query: blood:*la* yahoo_userhash:*la* reset_password_code_until:*la* profile:*la* school:*la* password_hash:*la* email:*la* reset_password_code:*la* connect:*la* interest:*la* cookie_hash:*la* password_salt:*la* job:*la* cron:*la* birth:*la* username:*la* target_time_now:*la* sex:*la* star:*la* created_at:*la* address:*la* photo:*la*
stored_fields: 
LocalIndex: ensure_index_exists at /home/lake/rails_app/earlybirds/index/development/user
LocalIndex: ensure_index_exists at /home/lake/rails_app/earlybirds/index/development/user
query: blood:*la* yahoo_userhash:*la* reset_password_code_until:*la* profile:*la* school:*la* password_hash:*la* email:*la* reset_password_code:*la* connect:*la* interest:*la* cookie_hash:*la* password_salt:*la* job:*la* cron:*la* birth:*la* username:*la* target_time_now:*la* sex:*la* star:*la* created_at:*la* address:*la* photo:*la*
stored_fields: 
LocalIndex: ensure_index_exists at /home/lake/rails_app/earlybirds/index/development/user
LocalIndex: ensure_index_exists at /home/lake/rails_app/earlybirds/index/development/user
query: blood:*go* yahoo_userhash:*go* reset_password_code_until:*go* profile:*go* school:*go* password_hash:*go* email:*go* reset_password_code:*go* connect:*go* interest:*go* cookie_hash:*go* password_salt:*go* job:*go* cron:*go* birth:*go* username:*go* target_time_now:*go* sex:*go* star:*go* created_at:*go* address:*go* photo:*go*
stored_fields: 
LocalIndex: ensure_index_exists at /home/lake/rails_app/earlybirds/index/development/user
LocalIndex: ensure_index_exists at /home/lake/rails_app/earlybirds/index/development/user
query: blood:*la* yahoo_userhash:*la* reset_password_code_until:*la* profile:*la* school:*la* password_hash:*la* email:*la* reset_password_code:*la* connect:*la* interest:*la* cookie_hash:*la* password_salt:*la* job:*la* cron:*la* birth:*la* username:*la* target_time_now:*la* sex:*la* star:*la* created_at:*la* address:*la* photo:*la*
stored_fields: 
LocalIndex: ensure_index_exists at /home/lake/rails_app/earlybirds/index/development/user
LocalIndex: ensure_index_exists at /home/lake/rails_app/earlybirds/index/development/user
query: blood:*la* yahoo_userhash:*la* reset_password_code_until:*la* profile:*la* school:*la* password_hash:*la* email:*la* reset_password_code:*la* connect:*la* interest:*la* cookie_hash:*la* password_salt:*la* job:*la* cron:*la* birth:*la* username:*la* target_time_now:*la* sex:*la* star:*la* created_at:*la* address:*la* photo:*la*
stored_fields: 
LocalIndex: ensure_index_exists at /home/lake/rails_app/earlybirds/index/development/record
rebuild index: [Record(id: integer, todo_name: string, todo_time: datetime, todo_target_time: datetime, user_id: integer, diary: text, success: boolean)]
reindexing model Record
reindex model Record : 164.71% complete : 0.05 secs to finish
LocalIndex: ensure_index_exists at /home/lake/rails_app/earlybirds/index/development/record
LocalIndex: ensure_index_exists at /home/lake/rails_app/earlybirds/index/development/record
query: todo_name:*go* success:*go* todo_target_time:*go* todo_time:*go* user_id:*go* diary:*go*
stored_fields: 
LocalIndex: ensure_index_exists at /home/lake/rails_app/earlybirds/index/development/record
LocalIndex: ensure_index_exists at /home/lake/rails_app/earlybirds/index/development/record
LocalIndex: ensure_index_exists at /home/lake/rails_app/earlybirds/index/development/user
LocalIndex: ensure_index_exists at /home/lake/rails_app/earlybirds/index/development/user
LocalIndex: ensure_index_exists at /home/lake/rails_app/earlybirds/index/development/user
LocalIndex: ensure_index_exists at /home/lake/rails_app/earlybirds/index/development/user
LocalIndex: ensure_index_exists at /home/lake/rails_app/earlybirds/index/development/user
LocalIndex: ensure_index_exists at /home/lake/rails_app/earlybirds/index/development/user
LocalIndex: ensure_index_exists at /home/lake/rails_app/earlybirds/index/development/user
LocalIndex: ensure_index_exists at /home/lake/rails_app/earlybirds/index/development/user
LocalIndex: ensure_index_exists at /home/lake/rails_app/earlybirds/index/development/user
query: sex:*lak* reset_password_code:*lak* photo:*lak* star:*lak* email:*lak* password_salt:*lak* connect:*lak* yahoo_userhash:*lak* blood:*lak* job:*lak* password_hash:*lak* profile:*lak* school:*lak* username:*lak* target_time_now:*lak* interest:*lak* cookie_hash:*lak* cron:*lak* created_at:*lak* address:*lak* birth:*lak* reset_password_code_until:*lak*
stored_fields: 
LocalIndex: ensure_index_exists at /home/lake/rails_app/earlybirds/index/development/user
LocalIndex: ensure_index_exists at /home/lake/rails_app/earlybirds/index/development/user
query: sex:*c* reset_password_code:*c* photo:*c* star:*c* email:*c* password_salt:*c* connect:*c* yahoo_userhash:*c* blood:*c* job:*c* password_hash:*c* profile:*c* school:*c* username:*c* target_time_now:*c* interest:*c* cookie_hash:*c* cron:*c* created_at:*c* address:*c* birth:*c* reset_password_code_until:*c*
stored_fields: 
LocalIndex: ensure_index_exists at /home/lake/rails_app/earlybirds/index/development/user
LocalIndex: ensure_index_exists at /home/lake/rails_app/earlybirds/index/development/user
query: sex:*c* reset_password_code:*c* photo:*c* star:*c* email:*c* password_salt:*c* connect:*c* yahoo_userhash:*c* blood:*c* job:*c* password_hash:*c* profile:*c* school:*c* username:*c* target_time_now:*c* interest:*c* cookie_hash:*c* cron:*c* created_at:*c* address:*c* birth:*c* reset_password_code_until:*c*
stored_fields: 
LocalIndex: ensure_index_exists at /home/lake/rails_app/earlybirds/index/development/user
LocalIndex: ensure_index_exists at /home/lake/rails_app/earlybirds/index/development/user
query: sex:*a* reset_password_code:*a* photo:*a* star:*a* email:*a* password_salt:*a* connect:*a* yahoo_userhash:*a* blood:*a* job:*a* password_hash:*a* profile:*a* school:*a* username:*a* target_time_now:*a* interest:*a* cookie_hash:*a* cron:*a* created_at:*a* address:*a* birth:*a* reset_password_code_until:*a*
stored_fields: 
LocalIndex: ensure_index_exists at /home/lake/rails_app/earlybirds/index/development/user
rebuild index: [User(id: integer, username: string, password_salt: string, password_hash: string, email: string, created_at: datetime, cookie_hash: string, target_time_now: datetime, profile: text, reset_password_code: string, reset_password_code_until: datetime, yahoo_userhash: string, sex: string, birth: datetime, star: string, blood: string, address: string, school: string, job: string, interest: string, photo: string, connect: string, cron: boolean)]
reindexing model User
reindex model User : 100.00% complete : 0.02 secs to finish
LocalIndex: ensure_index_exists at /home/lake/rails_app/earlybirds/index/development/user
LocalIndex: ensure_index_exists at /home/lake/rails_app/earlybirds/index/development/user
query: sex:*a* reset_password_code:*a* photo:*a* star:*a* email:*a* password_salt:*a* connect:*a* yahoo_userhash:*a* blood:*a* job:*a* password_hash:*a* profile:*a* school:*a* username:*a* target_time_now:*a* interest:*a* cookie_hash:*a* cron:*a* created_at:*a* address:*a* birth:*a* reset_password_code_until:*a*
stored_fields: 
rebuild index: [User(id: integer, username: string, password_salt: string, password_hash: string, email: string, created_at: datetime, cookie_hash: string, target_time_now: datetime, profile: text, reset_password_code: string, reset_password_code_until: datetime, yahoo_userhash: string, sex: string, birth: datetime, star: string, blood: string, address: string, school: string, job: string, interest: string, photo: string, connect: string, cron: boolean)]
reindexing model User
reindex model User : 100.00% complete : 0.02 secs to finish
LocalIndex: ensure_index_exists at /home/lake/rails_app/earlybirds/index/development/record
LocalIndex: ensure_index_exists at /home/lake/rails_app/earlybirds/index/development/record
LocalIndex: ensure_index_exists at /home/lake/rails_app/earlybirds/index/development/record
query: diary:*a* success:*a* todo_time:*a* todo_name:*a* todo_target_time:*a* user_id:*a*
stored_fields: 
LocalIndex: ensure_index_exists at /home/lake/rails_app/earlybirds/index/development/user
LocalIndex: ensure_index_exists at /home/lake/rails_app/earlybirds/index/development/user
LocalIndex: ensure_index_exists at /home/lake/rails_app/earlybirds/index/development/user
query: star:*羽* photo:*羽* blood:*羽* yahoo_userhash:*羽* email:*羽* reset_password_code_until:*羽* connect:*羽* profile:*羽* school:*羽* password_hash:*羽* job:*羽* reset_password_code:*羽* interest:*羽* cookie_hash:*羽* password_salt:*羽* username:*羽* target_time_now:*羽* cron:*羽* birth:*羽* sex:*羽* created_at:*羽* address:*羽*
stored_fields: 
LocalIndex: ensure_index_exists at /home/lake/rails_app/earlybirds/index/development/user
LocalIndex: ensure_index_exists at /home/lake/rails_app/earlybirds/index/development/user
query: star:*a* photo:*a* blood:*a* yahoo_userhash:*a* email:*a* reset_password_code_until:*a* connect:*a* profile:*a* school:*a* password_hash:*a* job:*a* reset_password_code:*a* interest:*a* cookie_hash:*a* password_salt:*a* username:*a* target_time_now:*a* cron:*a* birth:*a* sex:*a* created_at:*a* address:*a*
stored_fields: 
LocalIndex: ensure_index_exists at /home/lake/rails_app/earlybirds/index/development/record
LocalIndex: ensure_index_exists at /home/lake/rails_app/earlybirds/index/development/record
query: diary:*a* success:*a* todo_time:*a* todo_name:*a* todo_target_time:*a* user_id:*a*
stored_fields: 
LocalIndex: ensure_index_exists at /home/lake/rails_app/earlybirds/index/development/record
LocalIndex: ensure_index_exists at /home/lake/rails_app/earlybirds/index/development/record
query: diary:*c* success:*c* todo_time:*c* todo_name:*c* todo_target_time:*c* user_id:*c*
stored_fields: 
LocalIndex: ensure_index_exists at /home/lake/rails_app/earlybirds/index/development/record
LocalIndex: ensure_index_exists at /home/lake/rails_app/earlybirds/index/development/record
query: diary:*go* success:*go* todo_time:*go* todo_name:*go* todo_target_time:*go* user_id:*go*
stored_fields: 
LocalIndex: ensure_index_exists at /home/lake/rails_app/earlybirds/index/development/user
LocalIndex: ensure_index_exists at /home/lake/rails_app/earlybirds/index/development/user
query: star:*a* photo:*a* blood:*a* yahoo_userhash:*a* email:*a* reset_password_code_until:*a* connect:*a* profile:*a* school:*a* password_hash:*a* job:*a* reset_password_code:*a* interest:*a* cookie_hash:*a* password_salt:*a* username:*a* target_time_now:*a* cron:*a* birth:*a* sex:*a* created_at:*a* address:*a*
stored_fields: 
LocalIndex: ensure_index_exists at /home/lake/rails_app/earlybirds/index/development/record
LocalIndex: ensure_index_exists at /home/lake/rails_app/earlybirds/index/development/record
query: diary:*a* success:*a* todo_time:*a* todo_name:*a* todo_target_time:*a* user_id:*a*
stored_fields: 
LocalIndex: ensure_index_exists at /home/lake/rails_app/earlybirds/index/development/record
LocalIndex: ensure_index_exists at /home/lake/rails_app/earlybirds/index/development/record
query: diary:*a* success:*a* todo_time:*a* todo_name:*a* todo_target_time:*a* user_id:*a*
stored_fields: 
LocalIndex: ensure_index_exists at /home/lake/rails_app/earlybirds/index/development/record
LocalIndex: ensure_index_exists at /home/lake/rails_app/earlybirds/index/development/record
LocalIndex: ensure_index_exists at /home/lake/rails_app/earlybirds/index/development/record
query: 
stored_fields: 
LocalIndex: ensure_index_exists at /home/lake/rails_app/earlybirds/index/development/record
LocalIndex: ensure_index_exists at /home/lake/rails_app/earlybirds/index/development/record
query: success:*a* diary:*a* todo_time:*a* user_id:*a* todo_name:*a* todo_target_time:*a*
stored_fields: 
LocalIndex: ensure_index_exists at /home/lake/rails_app/earlybirds/index/development/record
LocalIndex: ensure_index_exists at /home/lake/rails_app/earlybirds/index/development/record
query: success:*ab* diary:*ab* todo_time:*ab* user_id:*ab* todo_name:*ab* todo_target_time:*ab*
stored_fields: 
LocalIndex: ensure_index_exists at /home/lake/rails_app/earlybirds/index/development/record
LocalIndex: ensure_index_exists at /home/lake/rails_app/earlybirds/index/development/record
query: success:*a+ diary:*a+ todo_time:*a+ user_id:*a+ todo_name:*a+ todo_target_time:*a+
stored_fields: 
LocalIndex: ensure_index_exists at /home/lake/rails_app/earlybirds/index/development/record
LocalIndex: ensure_index_exists at /home/lake/rails_app/earlybirds/index/development/record
query: success:*a+.* diary:*a+.* todo_time:*a+.* user_id:*a+.* todo_name:*a+.* todo_target_time:*a+.*
stored_fields: 
LocalIndex: ensure_index_exists at /home/lake/rails_app/earlybirds/index/development/record
LocalIndex: ensure_index_exists at /home/lake/rails_app/earlybirds/index/development/record
query: diary:.*a+.* success:.*a+.* todo_time:.*a+.* todo_name:.*a+.* todo_target_time:.*a+.* user_id:.*a+.*
stored_fields: 
LocalIndex: ensure_index_exists at /home/lake/rails_app/earlybirds/index/development/user
LocalIndex: ensure_index_exists at /home/lake/rails_app/earlybirds/index/development/user
query: star:.*a+.* photo:.*a+.* blood:.*a+.* yahoo_userhash:.*a+.* email:.*a+.* reset_password_code_until:.*a+.* connect:.*a+.* profile:.*a+.* school:.*a+.* password_hash:.*a+.* job:.*a+.* reset_password_code:.*a+.* interest:.*a+.* cookie_hash:.*a+.* password_salt:.*a+.* username:.*a+.* target_time_now:.*a+.* cron:.*a+.* birth:.*a+.* sex:.*a+.* created_at:.*a+.* address:.*a+.*
stored_fields: 
LocalIndex: ensure_index_exists at /home/lake/rails_app/earlybirds/index/development/user
LocalIndex: ensure_index_exists at /home/lake/rails_app/earlybirds/index/development/user
query: star:*a+.* photo:*a+.* blood:*a+.* yahoo_userhash:*a+.* email:*a+.* reset_password_code_until:*a+.* connect:*a+.* profile:*a+.* school:*a+.* password_hash:*a+.* job:*a+.* reset_password_code:*a+.* interest:*a+.* cookie_hash:*a+.* password_salt:*a+.* username:*a+.* target_time_now:*a+.* cron:*a+.* birth:*a+.* sex:*a+.* created_at:*a+.* address:*a+.*
stored_fields: 
LocalIndex: ensure_index_exists at /home/lake/rails_app/earlybirds/index/development/user
LocalIndex: ensure_index_exists at /home/lake/rails_app/earlybirds/index/development/user
query: star:*a+* photo:*a+* blood:*a+* yahoo_userhash:*a+* email:*a+* reset_password_code_until:*a+* connect:*a+* profile:*a+* school:*a+* password_hash:*a+* job:*a+* reset_password_code:*a+* interest:*a+* cookie_hash:*a+* password_salt:*a+* username:*a+* target_time_now:*a+* cron:*a+* birth:*a+* sex:*a+* created_at:*a+* address:*a+*
stored_fields: 
LocalIndex: ensure_index_exists at /home/lake/rails_app/earlybirds/index/development/user
LocalIndex: ensure_index_exists at /home/lake/rails_app/earlybirds/index/development/user
query: star:*a+ photo:*a+ blood:*a+ yahoo_userhash:*a+ email:*a+ reset_password_code_until:*a+ connect:*a+ profile:*a+ school:*a+ password_hash:*a+ job:*a+ reset_password_code:*a+ interest:*a+ cookie_hash:*a+ password_salt:*a+ username:*a+ target_time_now:*a+ cron:*a+ birth:*a+ sex:*a+ created_at:*a+ address:*a+
stored_fields: 
LocalIndex: ensure_index_exists at /home/lake/rails_app/earlybirds/index/development/user
LocalIndex: ensure_index_exists at /home/lake/rails_app/earlybirds/index/development/user
query: star:*a* photo:*a* blood:*a* yahoo_userhash:*a* email:*a* reset_password_code_until:*a* connect:*a* profile:*a* school:*a* password_hash:*a* job:*a* reset_password_code:*a* interest:*a* cookie_hash:*a* password_salt:*a* username:*a* target_time_now:*a* cron:*a* birth:*a* sex:*a* created_at:*a* address:*a*
stored_fields: 
LocalIndex: ensure_index_exists at /home/lake/rails_app/earlybirds/index/development/user
LocalIndex: ensure_index_exists at /home/lake/rails_app/earlybirds/index/development/user
query: star:*a+ photo:*a+ blood:*a+ yahoo_userhash:*a+ email:*a+ reset_password_code_until:*a+ connect:*a+ profile:*a+ school:*a+ password_hash:*a+ job:*a+ reset_password_code:*a+ interest:*a+ cookie_hash:*a+ password_salt:*a+ username:*a+ target_time_now:*a+ cron:*a+ birth:*a+ sex:*a+ created_at:*a+ address:*a+
stored_fields: 
LocalIndex: ensure_index_exists at /home/lake/rails_app/earlybirds/index/development/record
LocalIndex: ensure_index_exists at /home/lake/rails_app/earlybirds/index/development/record
query: success:*g+.* diary:*g+.* todo_time:*g+.* user_id:*g+.* todo_name:*g+.* todo_target_time:*g+.*
stored_fields: 
LocalIndex: ensure_index_exists at /home/lake/rails_app/earlybirds/index/development/record
LocalIndex: ensure_index_exists at /home/lake/rails_app/earlybirds/index/development/record
query: success:*g+* diary:*g+* todo_time:*g+* user_id:*g+* todo_name:*g+* todo_target_time:*g+*
stored_fields: 
LocalIndex: ensure_index_exists at /home/lake/rails_app/earlybirds/index/development/record
LocalIndex: ensure_index_exists at /home/lake/rails_app/earlybirds/index/development/record
query: success:*g+ diary:*g+ todo_time:*g+ user_id:*g+ todo_name:*g+ todo_target_time:*g+
stored_fields: 
LocalIndex: ensure_index_exists at /home/lake/rails_app/earlybirds/index/development/record
LocalIndex: ensure_index_exists at /home/lake/rails_app/earlybirds/index/development/record
query: success:*g* diary:*g* todo_time:*g* user_id:*g* todo_name:*g* todo_target_time:*g*
stored_fields: 
LocalIndex: ensure_index_exists at /home/lake/rails_app/earlybirds/index/development/record
LocalIndex: ensure_index_exists at /home/lake/rails_app/earlybirds/index/development/record
query: success:*a* diary:*a* todo_time:*a* user_id:*a* todo_name:*a* todo_target_time:*a*
stored_fields: 
rebuild index: [User(id: integer, username: string, password_salt: string, password_hash: string, email: string, created_at: datetime, cookie_hash: string, target_time_now: datetime, profile: text, reset_password_code: string, reset_password_code_until: datetime, yahoo_userhash: string, sex: string, birth: datetime, star: string, blood: string, address: string, school: string, job: string, interest: string, photo: string, connect: string, cron: boolean)]
reindexing model User
reindex model User : 100.00% complete : 0.02 secs to finish
LocalIndex: ensure_index_exists at /home/lake/rails_app/earlybirds/index/development/record
LocalIndex: ensure_index_exists at /home/lake/rails_app/earlybirds/index/development/record
query: success:*a* diary:*a* todo_time:*a* user_id:*a* todo_name:*a* todo_target_time:*a*
stored_fields: 
LocalIndex: ensure_index_exists at /home/lake/rails_app/earlybirds/index/development/record
LocalIndex: ensure_index_exists at /home/lake/rails_app/earlybirds/index/development/record
query: success:*g+ diary:*g+ todo_time:*g+ user_id:*g+ todo_name:*g+ todo_target_time:*g+
stored_fields: 
LocalIndex: ensure_index_exists at /home/lake/rails_app/earlybirds/index/development/record
LocalIndex: ensure_index_exists at /home/lake/rails_app/earlybirds/index/development/record
query: success:*g* diary:*g* todo_time:*g* user_id:*g* todo_name:*g* todo_target_time:*g*
stored_fields: 
rebuild index: [Record(id: integer, todo_name: string, todo_time: datetime, todo_target_time: datetime, user_id: integer, diary: text, success: boolean)]
reindexing model Record
reindex model Record : 161.11% complete : 0.05 secs to finish
LocalIndex: ensure_index_exists at /home/lake/rails_app/earlybirds/index/development/record
LocalIndex: ensure_index_exists at /home/lake/rails_app/earlybirds/index/development/record
query: success:*g+ diary:*g+ todo_time:*g+ user_id:*g+ todo_name:*g+ todo_target_time:*g+
stored_fields: 
LocalIndex: ensure_index_exists at /home/lake/rails_app/earlybirds/index/development/record
LocalIndex: ensure_index_exists at /home/lake/rails_app/earlybirds/index/development/record
query: success:*g* diary:*g* todo_time:*g* user_id:*g* todo_name:*g* todo_target_time:*g*
stored_fields: 
LocalIndex: ensure_index_exists at /home/lake/rails_app/earlybirds/index/development/record
LocalIndex: ensure_index_exists at /home/lake/rails_app/earlybirds/index/development/record
query: success:*a* diary:*a* todo_time:*a* user_id:*a* todo_name:*a* todo_target_time:*a*
stored_fields: 
LocalIndex: ensure_index_exists at /home/lake/rails_app/earlybirds/index/development/record
LocalIndex: ensure_index_exists at /home/lake/rails_app/earlybirds/index/development/record
query: success:*b* diary:*b* todo_time:*b* user_id:*b* todo_name:*b* todo_target_time:*b*
stored_fields: 
LocalIndex: ensure_index_exists at /home/lake/rails_app/earlybirds/index/development/record
LocalIndex: ensure_index_exists at /home/lake/rails_app/earlybirds/index/development/record
query: success:*c* diary:*c* todo_time:*c* user_id:*c* todo_name:*c* todo_target_time:*c*
stored_fields: 
LocalIndex: ensure_index_exists at /home/lake/rails_app/earlybirds/index/development/record
LocalIndex: ensure_index_exists at /home/lake/rails_app/earlybirds/index/development/record
query: success:*d* diary:*d* todo_time:*d* user_id:*d* todo_name:*d* todo_target_time:*d*
stored_fields: 
LocalIndex: ensure_index_exists at /home/lake/rails_app/earlybirds/index/development/record
LocalIndex: ensure_index_exists at /home/lake/rails_app/earlybirds/index/development/record
query: success:*d* diary:*d* todo_time:*d* user_id:*d* todo_name:*d* todo_target_time:*d*
stored_fields: 
LocalIndex: ensure_index_exists at /home/lake/rails_app/earlybirds/index/development/record
LocalIndex: ensure_index_exists at /home/lake/rails_app/earlybirds/index/development/record
query: success:*e* diary:*e* todo_time:*e* user_id:*e* todo_name:*e* todo_target_time:*e*
stored_fields: 
LocalIndex: ensure_index_exists at /home/lake/rails_app/earlybirds/index/development/record
LocalIndex: ensure_index_exists at /home/lake/rails_app/earlybirds/index/development/record
LocalIndex: ensure_index_exists at /home/lake/rails_app/earlybirds/index/development/record
query: diary:*e*
stored_fields: 
LocalIndex: ensure_index_exists at /home/lake/rails_app/earlybirds/index/development/record
LocalIndex: ensure_index_exists at /home/lake/rails_app/earlybirds/index/development/record
query: diary:*a*
stored_fields: 
LocalIndex: ensure_index_exists at /home/lake/rails_app/earlybirds/index/development/record
LocalIndex: ensure_index_exists at /home/lake/rails_app/earlybirds/index/development/record
query: diary:*c*
stored_fields: 
LocalIndex: ensure_index_exists at /home/lake/rails_app/earlybirds/index/development/user
LocalIndex: ensure_index_exists at /home/lake/rails_app/earlybirds/index/development/user
query: star:*a* photo:*a* blood:*a* yahoo_userhash:*a* email:*a* reset_password_code_until:*a* connect:*a* profile:*a* school:*a* password_hash:*a* job:*a* reset_password_code:*a* interest:*a* cookie_hash:*a* password_salt:*a* username:*a* target_time_now:*a* cron:*a* birth:*a* sex:*a* created_at:*a* address:*a*
stored_fields: 
LocalIndex: ensure_index_exists at /home/lake/rails_app/earlybirds/index/development/record
LocalIndex: ensure_index_exists at /home/lake/rails_app/earlybirds/index/development/record
query: diary:*a* success:*a* todo_time:*a* todo_name:*a* todo_target_time:*a* user_id:*a*
stored_fields: 
LocalIndex: ensure_index_exists at /home/lake/rails_app/earlybirds/index/development/user
LocalIndex: ensure_index_exists at /home/lake/rails_app/earlybirds/index/development/user
LocalIndex: ensure_index_exists at /home/lake/rails_app/earlybirds/index/development/user
query: username:*a*
stored_fields: 
LocalIndex: ensure_index_exists at /home/lake/rails_app/earlybirds/index/development/record
LocalIndex: ensure_index_exists at /home/lake/rails_app/earlybirds/index/development/record
LocalIndex: ensure_index_exists at /home/lake/rails_app/earlybirds/index/development/record
query: diary:*a*
stored_fields: 
LocalIndex: ensure_index_exists at /home/lake/rails_app/earlybirds/index/development/user
LocalIndex: ensure_index_exists at /home/lake/rails_app/earlybirds/index/development/user
query: username:*e*
stored_fields: 
LocalIndex: ensure_index_exists at /home/lake/rails_app/earlybirds/index/development/record
LocalIndex: ensure_index_exists at /home/lake/rails_app/earlybirds/index/development/record
query: diary:*c*
stored_fields: 
LocalIndex: ensure_index_exists at /home/lake/rails_app/earlybirds/index/development/user
LocalIndex: ensure_index_exists at /home/lake/rails_app/earlybirds/index/development/user
LocalIndex: ensure_index_exists at /home/lake/rails_app/earlybirds/index/development/user
query: username:*a*
stored_fields: 
LocalIndex: ensure_index_exists at /home/lake/rails_app/earlybirds/index/development/record
LocalIndex: ensure_index_exists at /home/lake/rails_app/earlybirds/index/development/record
LocalIndex: ensure_index_exists at /home/lake/rails_app/earlybirds/index/development/record
query: diary:*d*
stored_fields: 
LocalIndex: ensure_index_exists at /home/lake/rails_app/earlybirds/index/development/user
LocalIndex: ensure_index_exists at /home/lake/rails_app/earlybirds/index/development/user
query: username:*c*
stored_fields: 
LocalIndex: ensure_index_exists at /home/lake/rails_app/earlybirds/index/development/record
LocalIndex: ensure_index_exists at /home/lake/rails_app/earlybirds/index/development/record
query: diary:*c*
stored_fields: 
LocalIndex: ensure_index_exists at /home/lake/rails_app/earlybirds/index/development/record
LocalIndex: ensure_index_exists at /home/lake/rails_app/earlybirds/index/development/record
query: diary:*c*
stored_fields: 
LocalIndex: ensure_index_exists at /home/lake/rails_app/earlybirds/index/development/record
LocalIndex: ensure_index_exists at /home/lake/rails_app/earlybirds/index/development/record
query: diary:*c*
stored_fields: 
LocalIndex: ensure_index_exists at /home/lake/rails_app/earlybirds/index/development/user
LocalIndex: ensure_index_exists at /home/lake/rails_app/earlybirds/index/development/user
query: username:*a*
stored_fields: 
LocalIndex: ensure_index_exists at /home/lake/rails_app/earlybirds/index/development/user
LocalIndex: ensure_index_exists at /home/lake/rails_app/earlybirds/index/development/user
query: username:*a*
stored_fields: 
LocalIndex: ensure_index_exists at /home/lake/rails_app/earlybirds/index/development/user
LocalIndex: ensure_index_exists at /home/lake/rails_app/earlybirds/index/development/user
query: username:*a*
stored_fields: 
LocalIndex: ensure_index_exists at /home/lake/rails_app/earlybirds/index/development/user
LocalIndex: ensure_index_exists at /home/lake/rails_app/earlybirds/index/development/user
query: username:*la*
stored_fields: 
LocalIndex: ensure_index_exists at /home/lake/rails_app/earlybirds/index/development/user
LocalIndex: ensure_index_exists at /home/lake/rails_app/earlybirds/index/development/user
LocalIndex: ensure_index_exists at /home/lake/rails_app/earlybirds/index/development/user
LocalIndex: ensure_index_exists at /home/lake/rails_app/earlybirds/index/development/user
LocalIndex: ensure_index_exists at /home/lake/rails_app/earlybirds/index/development/user
LocalIndex: ensure_index_exists at /home/lake/rails_app/earlybirds/index/development/user
LocalIndex: ensure_index_exists at /home/lake/rails_app/earlybirds/index/development/user
LocalIndex: ensure_index_exists at /home/lake/rails_app/earlybirds/index/development/user
LocalIndex: ensure_index_exists at /home/lake/rails_app/earlybirds/index/development/user
LocalIndex: ensure_index_exists at /home/lake/rails_app/earlybirds/index/development/user
LocalIndex: ensure_index_exists at /home/lake/rails_app/earlybirds/index/development/user
query: username:*c*
stored_fields: 
LocalIndex: ensure_index_exists at /home/lake/rails_app/earlybirds/index/development/user
LocalIndex: ensure_index_exists at /home/lake/rails_app/earlybirds/index/development/user
query: username:*c*
stored_fields: 
LocalIndex: ensure_index_exists at /home/lake/rails_app/earlybirds/index/development/record
LocalIndex: ensure_index_exists at /home/lake/rails_app/earlybirds/index/development/record
LocalIndex: ensure_index_exists at /home/lake/rails_app/earlybirds/index/development/record
query: diary:*c*
stored_fields: 
LocalIndex: ensure_index_exists at /home/lake/rails_app/earlybirds/index/development/record
LocalIndex: ensure_index_exists at /home/lake/rails_app/earlybirds/index/development/record
query: diary:*c*
stored_fields: 
LocalIndex: ensure_index_exists at /home/lake/rails_app/earlybirds/index/development/user
LocalIndex: ensure_index_exists at /home/lake/rails_app/earlybirds/index/development/user
query: username:*a*
stored_fields: 
LocalIndex: ensure_index_exists at /home/lake/rails_app/earlybirds/index/development/record
LocalIndex: ensure_index_exists at /home/lake/rails_app/earlybirds/index/development/record
query: diary:*a*
stored_fields: 
LocalIndex: ensure_index_exists at /home/lake/rails_app/earlybirds/index/development/record
LocalIndex: ensure_index_exists at /home/lake/rails_app/earlybirds/index/development/record
LocalIndex: ensure_index_exists at /home/lake/rails_app/earlybirds/index/development/user
LocalIndex: ensure_index_exists at /home/lake/rails_app/earlybirds/index/development/record
LocalIndex: ensure_index_exists at /home/lake/rails_app/earlybirds/index/development/user
LocalIndex: ensure_index_exists at /home/lake/rails_app/earlybirds/index/development/user
LocalIndex: ensure_index_exists at /home/lake/rails_app/earlybirds/index/development/user
LocalIndex: ensure_index_exists at /home/lake/rails_app/earlybirds/index/development/user
LocalIndex: ensure_index_exists at /home/lake/rails_app/earlybirds/index/development/record
LocalIndex: ensure_index_exists at /home/lake/rails_app/earlybirds/index/development/record
LocalIndex: ensure_index_exists at /home/lake/rails_app/earlybirds/index/development/record
LocalIndex: ensure_index_exists at /home/lake/rails_app/earlybirds/index/development/user
LocalIndex: ensure_index_exists at /home/lake/rails_app/earlybirds/index/development/record
LocalIndex: ensure_index_exists at /home/lake/rails_app/earlybirds/index/development/user
LocalIndex: ensure_index_exists at /home/lake/rails_app/earlybirds/index/development/user
LocalIndex: ensure_index_exists at /home/lake/rails_app/earlybirds/index/development/user
LocalIndex: ensure_index_exists at /home/lake/rails_app/earlybirds/index/development/user
LocalIndex: ensure_index_exists at /home/lake/rails_app/earlybirds/index/development/record
LocalIndex: ensure_index_exists at /home/lake/rails_app/earlybirds/index/development/record
LocalIndex: ensure_index_exists at /home/lake/rails_app/earlybirds/index/development/record
LocalIndex: ensure_index_exists at /home/lake/rails_app/earlybirds/index/development/user
LocalIndex: ensure_index_exists at /home/lake/rails_app/earlybirds/index/development/user
LocalIndex: ensure_index_exists at /home/lake/rails_app/earlybirds/index/development/user
LocalIndex: ensure_index_exists at /home/lake/rails_app/earlybirds/index/development/user
LocalIndex: ensure_index_exists at /home/lake/rails_app/earlybirds/index/development/user
LocalIndex: ensure_index_exists at /home/lake/rails_app/earlybirds/index/development/user
LocalIndex: ensure_index_exists at /home/lake/rails_app/earlybirds/index/development/record
LocalIndex: ensure_index_exists at /home/lake/rails_app/earlybirds/index/development/user
LocalIndex: ensure_index_exists at /home/lake/rails_app/earlybirds/index/development/record
LocalIndex: ensure_index_exists at /home/lake/rails_app/earlybirds/index/development/user
LocalIndex: ensure_index_exists at /home/lake/rails_app/earlybirds/index/development/record
LocalIndex: ensure_index_exists at /home/lake/rails_app/earlybirds/index/development/user
LocalIndex: ensure_index_exists at /home/lake/rails_app/earlybirds/index/development/record
LocalIndex: ensure_index_exists at /home/lake/rails_app/earlybirds/index/development/record
LocalIndex: ensure_index_exists at /home/lake/rails_app/earlybirds/index/development/record
LocalIndex: ensure_index_exists at /home/lake/rails_app/earlybirds/index/development/record
LocalIndex: ensure_index_exists at /home/lake/rails_app/earlybirds/index/development/record
LocalIndex: ensure_index_exists at /home/lake/rails_app/earlybirds/index/development/record
LocalIndex: ensure_index_exists at /home/lake/rails_app/earlybirds/index/development/record
LocalIndex: ensure_index_exists at /home/lake/rails_app/earlybirds/index/development/record
LocalIndex: ensure_index_exists at /home/lake/rails_app/earlybirds/index/development/record
LocalIndex: ensure_index_exists at /home/lake/rails_app/earlybirds/index/development/user
LocalIndex: ensure_index_exists at /home/lake/rails_app/earlybirds/index/development/user
LocalIndex: ensure_index_exists at /home/lake/rails_app/earlybirds/index/development/record
LocalIndex: ensure_index_exists at /home/lake/rails_app/earlybirds/index/development/record
LocalIndex: ensure_index_exists at /home/lake/rails_app/earlybirds/index/development/user
LocalIndex: ensure_index_exists at /home/lake/rails_app/earlybirds/index/development/record
LocalIndex: ensure_index_exists at /home/lake/rails_app/earlybirds/index/development/record
LocalIndex: ensure_index_exists at /home/lake/rails_app/earlybirds/index/development/user
LocalIndex: ensure_index_exists at /home/lake/rails_app/earlybirds/index/development/record
LocalIndex: ensure_index_exists at /home/lake/rails_app/earlybirds/index/development/record
LocalIndex: ensure_index_exists at /home/lake/rails_app/earlybirds/index/development/record
LocalIndex: ensure_index_exists at /home/lake/rails_app/earlybirds/index/development/record
LocalIndex: ensure_index_exists at /home/lake/rails_app/earlybirds/index/development/user
LocalIndex: ensure_index_exists at /home/lake/rails_app/earlybirds/index/development/record
LocalIndex: ensure_index_exists at /home/lake/rails_app/earlybirds/index/development/record
LocalIndex: ensure_index_exists at /home/lake/rails_app/earlybirds/index/development/user
LocalIndex: ensure_index_exists at /home/lake/rails_app/earlybirds/index/development/record
LocalIndex: ensure_index_exists at /home/lake/rails_app/earlybirds/index/development/record
LocalIndex: ensure_index_exists at /home/lake/rails_app/earlybirds/index/development/user
LocalIndex: ensure_index_exists at /home/lake/rails_app/earlybirds/index/development/record
LocalIndex: ensure_index_exists at /home/lake/rails_app/earlybirds/index/development/user
LocalIndex: ensure_index_exists at /home/lake/rails_app/earlybirds/index/development/record
LocalIndex: ensure_index_exists at /home/lake/rails_app/earlybirds/index/development/user
LocalIndex: ensure_index_exists at /home/lake/rails_app/earlybirds/index/development/record
LocalIndex: ensure_index_exists at /home/lake/rails_app/earlybirds/index/development/user
LocalIndex: ensure_index_exists at /home/lake/rails_app/earlybirds/index/development/record
LocalIndex: ensure_index_exists at /home/lake/rails_app/earlybirds/index/development/record
LocalIndex: ensure_index_exists at /home/lake/rails_app/earlybirds/index/development/record
LocalIndex: ensure_index_exists at /home/lake/rails_app/earlybirds/index/development/record
LocalIndex: ensure_index_exists at /home/lake/rails_app/earlybirds/index/development/record
LocalIndex: ensure_index_exists at /home/lake/rails_app/earlybirds/index/development/record
LocalIndex: ensure_index_exists at /home/lake/rails_app/earlybirds/index/development/record
LocalIndex: ensure_index_exists at /home/lake/rails_app/earlybirds/index/development/record
LocalIndex: ensure_index_exists at /home/lake/rails_app/earlybirds/index/development/record
LocalIndex: ensure_index_exists at /home/lake/rails_app/earlybirds/index/development/record
LocalIndex: ensure_index_exists at /home/lake/rails_app/earlybirds/index/development/record
LocalIndex: ensure_index_exists at /home/lake/rails_app/earlybirds/index/development/record
LocalIndex: ensure_index_exists at /home/lake/rails_app/earlybirds/index/development/record
LocalIndex: ensure_index_exists at /home/lake/rails_app/earlybirds/index/development/record
LocalIndex: ensure_index_exists at /home/lake/rails_app/earlybirds/index/development/record
LocalIndex: ensure_index_exists at /home/lake/rails_app/earlybirds/index/development/record
LocalIndex: ensure_index_exists at /home/lake/rails_app/earlybirds/index/development/record
LocalIndex: ensure_index_exists at /home/lake/rails_app/earlybirds/index/development/record
LocalIndex: ensure_index_exists at /home/lake/rails_app/earlybirds/index/development/record
LocalIndex: ensure_index_exists at /home/lake/rails_app/earlybirds/index/development/user
LocalIndex: ensure_index_exists at /home/lake/rails_app/earlybirds/index/development/record
LocalIndex: ensure_index_exists at /home/lake/rails_app/earlybirds/index/development/record
LocalIndex: ensure_index_exists at /home/lake/rails_app/earlybirds/index/development/record
LocalIndex: ensure_index_exists at /home/lake/rails_app/earlybirds/index/development/record
LocalIndex: ensure_index_exists at /home/lake/rails_app/earlybirds/index/development/record
LocalIndex: ensure_index_exists at /home/lake/rails_app/earlybirds/index/development/record
LocalIndex: ensure_index_exists at /home/lake/rails_app/earlybirds/index/development/record
LocalIndex: ensure_index_exists at /home/lake/rails_app/earlybirds/index/development/record
LocalIndex: ensure_index_exists at /home/lake/rails_app/earlybirds/index/development/record
LocalIndex: ensure_index_exists at /home/lake/rails_app/earlybirds/index/development/user
LocalIndex: ensure_index_exists at /home/lake/rails_app/earlybirds/index/development/record
LocalIndex: ensure_index_exists at /home/lake/rails_app/earlybirds/index/development/record
LocalIndex: ensure_index_exists at /home/lake/rails_app/earlybirds/index/development/record
LocalIndex: ensure_index_exists at /home/lake/rails_app/earlybirds/index/development/user
LocalIndex: ensure_index_exists at /home/lake/rails_app/earlybirds/index/development/record
LocalIndex: ensure_index_exists at /home/lake/rails_app/earlybirds/index/development/record
LocalIndex: ensure_index_exists at /home/lake/rails_app/earlybirds/index/development/record
LocalIndex: ensure_index_exists at /home/lake/rails_app/earlybirds/index/development/user
LocalIndex: ensure_index_exists at /home/lake/rails_app/earlybirds/index/development/user
LocalIndex: ensure_index_exists at /home/lake/rails_app/earlybirds/index/development/record
LocalIndex: ensure_index_exists at /home/lake/rails_app/earlybirds/index/development/record
LocalIndex: ensure_index_exists at /home/lake/rails_app/earlybirds/index/development/record
LocalIndex: ensure_index_exists at /home/lake/rails_app/earlybirds/index/development/record
LocalIndex: ensure_index_exists at /home/lake/rails_app/earlybirds/index/development/record
LocalIndex: ensure_index_exists at /home/lake/rails_app/earlybirds/index/development/record
LocalIndex: ensure_index_exists at /home/lake/rails_app/earlybirds/index/development/record
LocalIndex: ensure_index_exists at /home/lake/rails_app/earlybirds/index/development/record
LocalIndex: ensure_index_exists at /home/lake/rails_app/earlybirds/index/development/record
LocalIndex: ensure_index_exists at /home/lake/rails_app/earlybirds/index/development/record
LocalIndex: ensure_index_exists at /home/lake/rails_app/earlybirds/index/development/user
LocalIndex: ensure_index_exists at /home/lake/rails_app/earlybirds/index/development/user
LocalIndex: ensure_index_exists at /home/lake/rails_app/earlybirds/index/development/user
